<?xml version="1.0" encoding="UTF-8"?>
<testsuite name="com.miner.jpa.HelloWorldControllerTest" tests="1" skipped="0" failures="0" errors="0" timestamp="2023-08-02T06:09:34" hostname="KJY-MAC.local" time="0.51">
  <properties/>
  <testcase name="helloWorld()" classname="com.miner.jpa.HelloWorldControllerTest" time="0.51"/>
  <system-out><![CDATA[15:09:33.642 [Test worker] INFO org.springframework.test.context.support.AnnotationConfigContextLoaderUtils -- Could not detect default configuration classes for test class [com.miner.jpa.HelloWorldControllerTest]: HelloWorldControllerTest does not declare any static, non-private, non-final, nested classes annotated with @Configuration.
15:09:33.687 [Test worker] INFO org.springframework.boot.test.context.SpringBootTestContextBootstrapper -- Found @SpringBootConfiguration com.miner.jpa.JpaApplication for test class com.miner.jpa.HelloWorldControllerTest

  .   ____          _            __ _ _
 /\\ / ___'_ __ _ _(_)_ __  __ _ \ \ \ \
( ( )\___ | '_ | '_| | '_ \/ _` | \ \ \ \
 \\/  ___)| |_)| | | | | || (_| |  ) ) ) )
  '  |____| .__|_| |_|_| |_\__, | / / / /
 =========|_|==============|___/=/_/_/_/
 :: Spring Boot ::                (v3.1.2)

2023-08-02T15:09:33.812+09:00  INFO 13347 --- [    Test worker] com.miner.jpa.HelloWorldControllerTest   : Starting HelloWorldControllerTest using Java 17.0.6 with PID 13347 (started by kimjuyoung in /Users/kimjuyoung/java/jpa)
2023-08-02T15:09:33.812+09:00  INFO 13347 --- [    Test worker] com.miner.jpa.HelloWorldControllerTest   : No active profile set, falling back to 1 default profile: "default"
2023-08-02T15:09:34.180+09:00  INFO 13347 --- [    Test worker] o.s.b.t.m.w.SpringBootMockServletContext : Initializing Spring TestDispatcherServlet ''
2023-08-02T15:09:34.181+09:00  INFO 13347 --- [    Test worker] o.s.t.web.servlet.TestDispatcherServlet  : Initializing Servlet ''
2023-08-02T15:09:34.182+09:00  INFO 13347 --- [    Test worker] o.s.t.web.servlet.TestDispatcherServlet  : Completed initialization in 0 ms
2023-08-02T15:09:34.193+09:00  INFO 13347 --- [    Test worker] com.miner.jpa.HelloWorldControllerTest   : Started HelloWorldControllerTest in 0.481 seconds (process running for 0.88)

MockHttpServletRequest:
      HTTP Method = GET
      Request URI = /hello-world
       Parameters = {}
          Headers = []
             Body = null
    Session Attrs = {}

Handler:
             Type = com.miner.jpa.HelloWorldController
           Method = com.miner.jpa.HelloWorldController#helloWorld()

Async:
    Async started = false
     Async result = null

Resolved Exception:
             Type = null

ModelAndView:
        View name = null
             View = null
            Model = null

FlashMap:
       Attributes = null

MockHttpServletResponse:
           Status = 200
    Error message = null
          Headers = [Content-Type:"text/plain;charset=UTF-8", Content-Length:"11"]
     Content type = text/plain;charset=UTF-8
             Body = hello world
    Forwarded URL = null
   Redirected URL = null
          Cookies = []
]]></system-out>
  <system-err><![CDATA[]]></system-err>
</testsuite>
